<?xml version="1.0" encoding="UTF-8"?>
<!-- Generated by org.testng.reporters.JUnitXMLReporter -->
<testsuite hostname="Neelams-iMac.local" ignored="0" name="Test" tests="3" failures="0" timestamp="2022-01-21T22:35:12 PST" time="21.31" errors="0">
  <testcase name="loginTest" time="21.202" classname="com.Julybatch.LoginTest"/>
  <testcase name="testLogin1" time="0.067" classname="com.Julybatch.AppTest"/>
  <testcase name="testLogin2" time="0.001" classname="com.Julybatch.AppTest"/>
</testsuite> <!-- Test -->
