<?xml version="1.0" encoding="UTF-8"?>
<!-- Generated by org.testng.reporters.JUnitXMLReporter -->
<testsuite hostname="Neelams-iMac.local" ignored="0" name="Test" tests="3" failures="0" timestamp="2022-01-21T22:47:57 PST" time="42.574" errors="0">
  <testcase name="loginTest" time="42.41" classname="com.Julybatch.LoginTest"/>
  <testcase name="testLogin1" time="0.133" classname="com.Julybatch.AppTest"/>
  <testcase name="testLogin2" time="0.0" classname="com.Julybatch.AppTest"/>
</testsuite> <!-- Test -->
