<?xml version="1.0" encoding="UTF-8"?>
<testsuite xmlns:xsi="http://www.w3.org/2001/XMLSchema-instance" xsi:noNamespaceSchemaLocation="https://maven.apache.org/surefire/maven-surefire-plugin/xsd/surefire-test-report.xsd" name="TestSuite" time="43.069" tests="3" errors="0" skipped="0" failures="0">
  <properties>
[...]
</properties>
  <testcase name="loginTest" classname="com.Julybatch.LoginTest" time="42.412"/>
  <testcase name="testLogin1" classname="com.Julybatch.AppTest" time="0.132"/>
  <testcase name="testLogin2" classname="com.Julybatch.AppTest" time="0.001"/>
</testsuite>