<?xml version="1.0" encoding="UTF-8"?>
<testng-results skipped="0" failed="0" ignored="0" total="2" passed="2">
  <reporter-output>
  </reporter-output>
  <suite name="Suite" duration-ms="112" started-at="2022-01-19T17:24:43 PST" finished-at="2022-01-19T17:24:43 PST">
    <groups>
    </groups>
    <test name="Test" duration-ms="112" started-at="2022-01-19T17:24:43 PST" finished-at="2022-01-19T17:24:43 PST">
      <class name="com.Julybatch.AppTest">
        <test-method status="PASS" signature="testLogin1()[pri:0, instance:com.Julybatch.AppTest@2c039ac6]" name="testLogin1" duration-ms="76" started-at="2022-01-19T17:24:43 PST" finished-at="2022-01-19T17:24:43 PST">
          <reporter-output>
          </reporter-output>
        </test-method> <!-- testLogin1 -->
        <test-method status="PASS" signature="testLogin2()[pri:0, instance:com.Julybatch.AppTest@2c039ac6]" name="testLogin2" duration-ms="1" started-at="2022-01-19T17:24:43 PST" finished-at="2022-01-19T17:24:43 PST">
          <reporter-output>
          </reporter-output>
        </test-method> <!-- testLogin2 -->
      </class> <!-- com.Julybatch.AppTest -->
    </test> <!-- Test -->
  </suite> <!-- Suite -->
</testng-results>
