<?xml version="1.0" encoding="UTF-8"?>
<testng-results skipped="0" failed="0" ignored="0" total="3" passed="3">
  <reporter-output>
  </reporter-output>
  <suite name="Suite" duration-ms="21310" started-at="2022-01-21T22:34:51 PST" finished-at="2022-01-21T22:35:12 PST">
    <groups>
    </groups>
    <test name="Test" duration-ms="21310" started-at="2022-01-21T22:34:51 PST" finished-at="2022-01-21T22:35:12 PST">
      <class name="com.Julybatch.LoginTest">
        <test-method status="PASS" signature="loginTest()[pri:0, instance:com.Julybatch.LoginTest@32d2fa64]" name="loginTest" duration-ms="21202" started-at="2022-01-21T22:34:51 PST" finished-at="2022-01-21T22:35:12 PST">
          <reporter-output>
          </reporter-output>
        </test-method> <!-- loginTest -->
      </class> <!-- com.Julybatch.LoginTest -->
      <class name="com.Julybatch.AppTest">
        <test-method status="PASS" signature="testLogin1()[pri:0, instance:com.Julybatch.AppTest@1d8d30f7]" name="testLogin1" duration-ms="67" started-at="2022-01-21T22:35:12 PST" finished-at="2022-01-21T22:35:12 PST">
          <reporter-output>
          </reporter-output>
        </test-method> <!-- testLogin1 -->
        <test-method status="PASS" signature="testLogin2()[pri:0, instance:com.Julybatch.AppTest@1d8d30f7]" name="testLogin2" duration-ms="1" started-at="2022-01-21T22:35:12 PST" finished-at="2022-01-21T22:35:12 PST">
          <reporter-output>
          </reporter-output>
        </test-method> <!-- testLogin2 -->
      </class> <!-- com.Julybatch.AppTest -->
    </test> <!-- Test -->
  </suite> <!-- Suite -->
</testng-results>
